<?xml version="1.0" encoding="UTF-8"?><testsuite errors="1" failures="0" name="com.herokuapp.booker.restful.productinfo.RestfulBookerTestWithSteps" skipped="0" tests="1" time="0.0" timestamp="2022-06-06T13:59:41.753+01:00[Europe/London]"><testcase classname="com.herokuapp.booker.restful.productinfo.RestfulBookerTestWithSteps" name="Initialisation"><error message="null" type="java.lang.NumberFormatException">null</error><system-err>null&#13;
com.herokuapp.booker.restful.testbase.TestBase.init(TestBase.java:18)&#13;
</system-err></testcase></testsuite>