<?xml version="1.0" encoding="UTF-8"?><testsuite errors="0" failures="0" name="Testing different request on the restful-booker application" skipped="0" tests="4" time="5.31" timestamp="2022-06-21T01:11:47.847+01:00[Europe/London]"><testcase name="Check if the restful-booker application can be accessed by users"/><testcase name="Check if the new booking  can be created by users"/><testcase name="Check if the booking can be updated by users"/><testcase name="Check if the booking can be deleted by users"/></testsuite>